<?xml version="1.0" encoding="UTF-8"?>
<!-- Generated by org.testng.reporters.JUnitXMLReporter -->
<testsuite ignored="0" hostname="DESKTOP-56QQVF4" failures="0" tests="9" name="Default test" time="147.882" errors="0" timestamp="2024-09-13T11:57:29 IST">
  <testcase classname="testscripts.LoginTestCase" name="signInFunc" time="13.932"/>
  <testcase classname="testscripts.LoginTestCase" name="loginTest" time="9.96"/>
  <testcase classname="testscripts.LoginTestCase" name="loginTest" time="10.367"/>
  <testcase classname="testscripts.LoginTestCase" name="loginTest" time="9.852"/>
  <testcase classname="testscripts.LoginTestCase" name="loginTest" time="10.201"/>
  <testcase classname="testscripts.LoginTestCase" name="loginTest" time="11.389"/>
  <testcase classname="testscripts.LoginTestCase" name="loginTest" time="10.91"/>
  <testcase classname="testscripts.LoginTestCase" name="loginTest" time="10.514"/>
  <testcase classname="testscripts.LoginTestCase" name="loginTest" time="8.255"/>
</testsuite> <!-- Default test -->
