<?xml version="1.0" encoding="UTF-8"?>
<!-- Generated by org.testng.reporters.JUnitXMLReporter -->
<testsuite ignored="0" hostname="DESKTOP-56QQVF4" failures="0" tests="42" name="Test" time="670.02" errors="0" timestamp="2024-09-13T12:33:04 IST">
  <testcase classname="testscripts.HomeTest" name="dispCheck" time="0.566"/>
  <testcase classname="testscripts.HomeTest" name="HyperLinksCheck" time="0.396"/>
  <testcase classname="testscripts.HomeTest" name="slideShowCheck" time="0.657"/>
  <testcase classname="testscripts.HomeTest" name="imageCheck" time="3.32"/>
  <testcase classname="testscripts.HomeTest" name="sideNavBarCheck" time="1.559"/>
  <testcase classname="testscripts.HomeTest" name="productLinksCheck" time="95.394"/>
  <testcase classname="testscripts.HomeTest" name="btnCheck" time="0.169"/>
  <testcase classname="testscripts.HomeTest" name="footer" time="0.292"/>
  <testcase classname="testscripts.HomeTest" name="copyRight" time="0.048"/>
  <testcase classname="testscripts.ContactTest" name="cLinkCheck" time="4.238"/>
  <testcase classname="testscripts.ContactTest" name="contactTest" time="6.637"/>
  <testcase classname="testscripts.ContactTest" name="contactTest" time="6.788"/>
  <testcase classname="testscripts.ContactTest" name="contactTest" time="6.684"/>
  <testcase classname="testscripts.ContactTest" name="contactTest" time="6.766"/>
  <testcase classname="testscripts.ContactTest" name="contactTest" time="6.834"/>
  <testcase classname="testscripts.ContactTest" name="contactTest" time="6.591"/>
  <testcase classname="testscripts.ContactTest" name="contactTest" time="6.687"/>
  <testcase classname="testscripts.ContactTest" name="contactTest" time="6.685"/>
  <testcase classname="testscripts.ContactTest" name="terminateCheck" time="0.754"/>
  <testcase classname="testscripts.AboutUsTest" name="aboutUsCheck" time="10.995"/>
  <testcase classname="testscripts.CartTestCase" name="CartTest" time="45.367"/>
  <testcase classname="testscripts.CartTestCase" name="CartTest" time="43.562"/>
  <testcase classname="testscripts.CartTestCase" name="CartTest" time="44.423"/>
  <testcase classname="testscripts.LoginTestCase" name="signInFunc" time="12.871"/>
  <testcase classname="testscripts.LoginTestCase" name="loginTest" time="9.779"/>
  <testcase classname="testscripts.LoginTestCase" name="loginTest" time="9.379"/>
  <testcase classname="testscripts.LoginTestCase" name="loginTest" time="8.841"/>
  <testcase classname="testscripts.LoginTestCase" name="loginTest" time="8.66"/>
  <testcase classname="testscripts.LoginTestCase" name="loginTest" time="8.585"/>
  <testcase classname="testscripts.LoginTestCase" name="loginTest" time="9.325"/>
  <testcase classname="testscripts.LoginTestCase" name="loginTest" time="10.229"/>
  <testcase classname="testscripts.LoginTestCase" name="loginTest" time="8.164"/>
  <testcase classname="testscripts.SignUpTestCase" name="registerFunc" time="6.416"/>
  <testcase classname="testscripts.SignUpTestCase" name="contactTest" time="11.39"/>
  <testcase classname="testscripts.SignUpTestCase" name="contactTest" time="11.364"/>
  <testcase classname="testscripts.SignUpTestCase" name="contactTest" time="11.36"/>
  <testcase classname="testscripts.SignUpTestCase" name="contactTest" time="11.386"/>
  <testcase classname="testscripts.SignUpTestCase" name="contactTest" time="11.378"/>
  <testcase classname="testscripts.SignUpTestCase" name="contactTest" time="11.401"/>
  <testcase classname="testscripts.SignUpTestCase" name="contactTest" time="11.361"/>
  <testcase classname="testscripts.SignUpTestCase" name="contactTest" time="11.358"/>
  <testcase classname="testscripts.SignUpTestCase" name="contactTest" time="11.379"/>
</testsuite> <!-- Test -->
