<?xml version="1.0" encoding="UTF-8"?>
<testng-results ignored="0" total="42" passed="42" failed="0" skipped="0">
  <reporter-output>
  </reporter-output>
  <suite started-at="2024-09-13T12:21:54 IST" name="Suite" finished-at="2024-09-13T12:33:04 IST" duration-ms="670020">
    <groups>
    </groups>
    <test started-at="2024-09-13T12:21:54 IST" name="Test" finished-at="2024-09-13T12:33:04 IST" duration-ms="670020">
      <class name="testscripts.SignUpTestCase">
        <test-method is-config="true" signature="open()[pri:0, instance:testscripts.SignUpTestCase@f78a47e]" started-at="2024-09-13T12:30:37 IST" name="open" finished-at="2024-09-13T12:30:39 IST" duration-ms="2792" status="PASS">
          <reporter-output>
          </reporter-output>
        </test-method> <!-- open -->
        <test-method signature="registerFunc()[pri:1, instance:testscripts.SignUpTestCase@f78a47e]" started-at="2024-09-13T12:30:39 IST" name="registerFunc" finished-at="2024-09-13T12:30:46 IST" duration-ms="6416" status="PASS">
          <reporter-output>
          </reporter-output>
        </test-method> <!-- registerFunc -->
        <test-method is-config="true" signature="closeAllBrowsers()[pri:0, instance:testscripts.SignUpTestCase@f78a47e]" started-at="2024-09-13T12:30:46 IST" name="closeAllBrowsers" finished-at="2024-09-13T12:30:47 IST" duration-ms="1279" status="PASS">
          <reporter-output>
          </reporter-output>
        </test-method> <!-- closeAllBrowsers -->
        <test-method is-config="true" signature="open()[pri:0, instance:testscripts.SignUpTestCase@f78a47e]" started-at="2024-09-13T12:30:47 IST" name="open" finished-at="2024-09-13T12:30:49 IST" duration-ms="2267" status="PASS">
          <reporter-output>
          </reporter-output>
        </test-method> <!-- open -->
        <test-method signature="contactTest(java.util.HashMap)[pri:2, instance:testscripts.SignUpTestCase@f78a47e]" started-at="2024-09-13T12:30:49 IST" name="contactTest" data-provider="signUpData" finished-at="2024-09-13T12:31:01 IST" duration-ms="11390" status="PASS">
          <params>
            <param index="0">
              <value>
                <![CDATA[{password=Al3xJ@rd@n2024, username=Alex Jordan}]]>
              </value>
            </param>
          </params>
          <reporter-output>
          </reporter-output>
        </test-method> <!-- contactTest -->
        <test-method is-config="true" signature="closeAllBrowsers()[pri:0, instance:testscripts.SignUpTestCase@f78a47e]" started-at="2024-09-13T12:31:01 IST" name="closeAllBrowsers" finished-at="2024-09-13T12:31:02 IST" duration-ms="1290" status="PASS">
          <reporter-output>
          </reporter-output>
        </test-method> <!-- closeAllBrowsers -->
        <test-method is-config="true" signature="open()[pri:0, instance:testscripts.SignUpTestCase@f78a47e]" started-at="2024-09-13T12:31:02 IST" name="open" finished-at="2024-09-13T12:31:05 IST" duration-ms="2474" status="PASS">
          <reporter-output>
          </reporter-output>
        </test-method> <!-- open -->
        <test-method signature="contactTest(java.util.HashMap)[pri:2, instance:testscripts.SignUpTestCase@f78a47e]" started-at="2024-09-13T12:31:05 IST" name="contactTest" data-provider="signUpData" finished-at="2024-09-13T12:31:16 IST" duration-ms="11364" status="PASS">
          <params>
            <param index="0">
              <value>
                <![CDATA[{password=Oliv1aM@rtin123, username=Olivia Martin}]]>
              </value>
            </param>
          </params>
          <reporter-output>
          </reporter-output>
        </test-method> <!-- contactTest -->
        <test-method is-config="true" signature="closeAllBrowsers()[pri:0, instance:testscripts.SignUpTestCase@f78a47e]" started-at="2024-09-13T12:31:16 IST" name="closeAllBrowsers" finished-at="2024-09-13T12:31:17 IST" duration-ms="1290" status="PASS">
          <reporter-output>
          </reporter-output>
        </test-method> <!-- closeAllBrowsers -->
        <test-method is-config="true" signature="open()[pri:0, instance:testscripts.SignUpTestCase@f78a47e]" started-at="2024-09-13T12:31:17 IST" name="open" finished-at="2024-09-13T12:31:21 IST" duration-ms="3618" status="PASS">
          <reporter-output>
          </reporter-output>
        </test-method> <!-- open -->
        <test-method signature="contactTest(java.util.HashMap)[pri:2, instance:testscripts.SignUpTestCase@f78a47e]" started-at="2024-09-13T12:31:21 IST" name="contactTest" data-provider="signUpData" finished-at="2024-09-13T12:31:32 IST" duration-ms="11360" status="PASS">
          <params>
            <param index="0">
              <value>
                <![CDATA[{password=J@m3sWils0n!, username=James Wilson}]]>
              </value>
            </param>
          </params>
          <reporter-output>
          </reporter-output>
        </test-method> <!-- contactTest -->
        <test-method is-config="true" signature="closeAllBrowsers()[pri:0, instance:testscripts.SignUpTestCase@f78a47e]" started-at="2024-09-13T12:31:32 IST" name="closeAllBrowsers" finished-at="2024-09-13T12:31:33 IST" duration-ms="1289" status="PASS">
          <reporter-output>
          </reporter-output>
        </test-method> <!-- closeAllBrowsers -->
        <test-method is-config="true" signature="open()[pri:0, instance:testscripts.SignUpTestCase@f78a47e]" started-at="2024-09-13T12:31:33 IST" name="open" finished-at="2024-09-13T12:31:37 IST" duration-ms="3654" status="PASS">
          <reporter-output>
          </reporter-output>
        </test-method> <!-- open -->
        <test-method signature="contactTest(java.util.HashMap)[pri:2, instance:testscripts.SignUpTestCase@f78a47e]" started-at="2024-09-13T12:31:37 IST" name="contactTest" data-provider="signUpData" finished-at="2024-09-13T12:31:48 IST" duration-ms="11386" status="PASS">
          <params>
            <param index="0">
              <value>
                <![CDATA[{password=Soph!aB@k3r2024, username=Sophia Baker}]]>
              </value>
            </param>
          </params>
          <reporter-output>
          </reporter-output>
        </test-method> <!-- contactTest -->
        <test-method is-config="true" signature="closeAllBrowsers()[pri:0, instance:testscripts.SignUpTestCase@f78a47e]" started-at="2024-09-13T12:31:48 IST" name="closeAllBrowsers" finished-at="2024-09-13T12:31:50 IST" duration-ms="1294" status="PASS">
          <reporter-output>
          </reporter-output>
        </test-method> <!-- closeAllBrowsers -->
        <test-method is-config="true" signature="open()[pri:0, instance:testscripts.SignUpTestCase@f78a47e]" started-at="2024-09-13T12:31:50 IST" name="open" finished-at="2024-09-13T12:31:52 IST" duration-ms="2334" status="PASS">
          <reporter-output>
          </reporter-output>
        </test-method> <!-- open -->
        <test-method signature="contactTest(java.util.HashMap)[pri:2, instance:testscripts.SignUpTestCase@f78a47e]" started-at="2024-09-13T12:31:52 IST" name="contactTest" data-provider="signUpData" finished-at="2024-09-13T12:32:04 IST" duration-ms="11378" status="PASS">
          <params>
            <param index="0">
              <value>
                <![CDATA[{password=B3nj@minScott!, username=Benjamin Scott}]]>
              </value>
            </param>
          </params>
          <reporter-output>
          </reporter-output>
        </test-method> <!-- contactTest -->
        <test-method is-config="true" signature="closeAllBrowsers()[pri:0, instance:testscripts.SignUpTestCase@f78a47e]" started-at="2024-09-13T12:32:04 IST" name="closeAllBrowsers" finished-at="2024-09-13T12:32:05 IST" duration-ms="1316" status="PASS">
          <reporter-output>
          </reporter-output>
        </test-method> <!-- closeAllBrowsers -->
        <test-method is-config="true" signature="open()[pri:0, instance:testscripts.SignUpTestCase@f78a47e]" started-at="2024-09-13T12:32:05 IST" name="open" finished-at="2024-09-13T12:32:07 IST" duration-ms="2505" status="PASS">
          <reporter-output>
          </reporter-output>
        </test-method> <!-- open -->
        <test-method signature="contactTest(java.util.HashMap)[pri:2, instance:testscripts.SignUpTestCase@f78a47e]" started-at="2024-09-13T12:32:07 IST" name="contactTest" data-provider="signUpData" finished-at="2024-09-13T12:32:19 IST" duration-ms="11401" status="PASS">
          <params>
            <param index="0">
              <value>
                <![CDATA[{password=I5ab3llaH!2024, username=Isabella Hughes}]]>
              </value>
            </param>
          </params>
          <reporter-output>
          </reporter-output>
        </test-method> <!-- contactTest -->
        <test-method is-config="true" signature="closeAllBrowsers()[pri:0, instance:testscripts.SignUpTestCase@f78a47e]" started-at="2024-09-13T12:32:19 IST" name="closeAllBrowsers" finished-at="2024-09-13T12:32:20 IST" duration-ms="1297" status="PASS">
          <reporter-output>
          </reporter-output>
        </test-method> <!-- closeAllBrowsers -->
        <test-method is-config="true" signature="open()[pri:0, instance:testscripts.SignUpTestCase@f78a47e]" started-at="2024-09-13T12:32:20 IST" name="open" finished-at="2024-09-13T12:32:22 IST" duration-ms="2114" status="PASS">
          <reporter-output>
          </reporter-output>
        </test-method> <!-- open -->
        <test-method signature="contactTest(java.util.HashMap)[pri:2, instance:testscripts.SignUpTestCase@f78a47e]" started-at="2024-09-13T12:32:22 IST" name="contactTest" data-provider="signUpData" finished-at="2024-09-13T12:32:33 IST" duration-ms="11361" status="PASS">
          <params>
            <param index="0">
              <value>
                <![CDATA[{password=D@ni3lM0rg@n!, username=Daniel Morgan}]]>
              </value>
            </param>
          </params>
          <reporter-output>
          </reporter-output>
        </test-method> <!-- contactTest -->
        <test-method is-config="true" signature="closeAllBrowsers()[pri:0, instance:testscripts.SignUpTestCase@f78a47e]" started-at="2024-09-13T12:32:34 IST" name="closeAllBrowsers" finished-at="2024-09-13T12:32:35 IST" duration-ms="1293" status="PASS">
          <reporter-output>
          </reporter-output>
        </test-method> <!-- closeAllBrowsers -->
        <test-method is-config="true" signature="open()[pri:0, instance:testscripts.SignUpTestCase@f78a47e]" started-at="2024-09-13T12:32:35 IST" name="open" finished-at="2024-09-13T12:32:37 IST" duration-ms="1944" status="PASS">
          <reporter-output>
          </reporter-output>
        </test-method> <!-- open -->
        <test-method signature="contactTest(java.util.HashMap)[pri:2, instance:testscripts.SignUpTestCase@f78a47e]" started-at="2024-09-13T12:32:37 IST" name="contactTest" data-provider="signUpData" finished-at="2024-09-13T12:32:48 IST" duration-ms="11358" status="PASS">
          <params>
            <param index="0">
              <value>
                <![CDATA[{password=H@rp3rC!ark2024, username=Harper Clark}]]>
              </value>
            </param>
          </params>
          <reporter-output>
          </reporter-output>
        </test-method> <!-- contactTest -->
        <test-method is-config="true" signature="closeAllBrowsers()[pri:0, instance:testscripts.SignUpTestCase@f78a47e]" started-at="2024-09-13T12:32:48 IST" name="closeAllBrowsers" finished-at="2024-09-13T12:32:49 IST" duration-ms="1309" status="PASS">
          <reporter-output>
          </reporter-output>
        </test-method> <!-- closeAllBrowsers -->
        <test-method is-config="true" signature="open()[pri:0, instance:testscripts.SignUpTestCase@f78a47e]" started-at="2024-09-13T12:32:49 IST" name="open" finished-at="2024-09-13T12:32:52 IST" duration-ms="2263" status="PASS">
          <reporter-output>
          </reporter-output>
        </test-method> <!-- open -->
        <test-method signature="contactTest(java.util.HashMap)[pri:2, instance:testscripts.SignUpTestCase@f78a47e]" started-at="2024-09-13T12:32:52 IST" name="contactTest" data-provider="signUpData" finished-at="2024-09-13T12:33:03 IST" duration-ms="11379" status="PASS">
          <params>
            <param index="0">
              <value>
                <![CDATA[{password=MarkZuk@356, username=Mark Zuker}]]>
              </value>
            </param>
          </params>
          <reporter-output>
          </reporter-output>
        </test-method> <!-- contactTest -->
        <test-method is-config="true" signature="closeAllBrowsers()[pri:0, instance:testscripts.SignUpTestCase@f78a47e]" started-at="2024-09-13T12:33:03 IST" name="closeAllBrowsers" finished-at="2024-09-13T12:33:04 IST" duration-ms="1287" status="PASS">
          <reporter-output>
          </reporter-output>
        </test-method> <!-- closeAllBrowsers -->
      </class> <!-- testscripts.SignUpTestCase -->
      <class name="testscripts.LoginTestCase">
        <test-method is-config="true" signature="open()[pri:0, instance:testscripts.LoginTestCase@26d9b808]" started-at="2024-09-13T12:28:37 IST" name="open" finished-at="2024-09-13T12:28:39 IST" duration-ms="2488" status="PASS">
          <reporter-output>
          </reporter-output>
        </test-method> <!-- open -->
        <test-method signature="signInFunc()[pri:1, instance:testscripts.LoginTestCase@26d9b808]" started-at="2024-09-13T12:28:39 IST" name="signInFunc" finished-at="2024-09-13T12:28:52 IST" duration-ms="12871" status="PASS">
          <reporter-output>
          </reporter-output>
        </test-method> <!-- signInFunc -->
        <test-method is-config="true" signature="closeAllBrowsers()[pri:0, instance:testscripts.LoginTestCase@26d9b808]" started-at="2024-09-13T12:28:52 IST" name="closeAllBrowsers" finished-at="2024-09-13T12:28:53 IST" duration-ms="1302" status="PASS">
          <reporter-output>
          </reporter-output>
        </test-method> <!-- closeAllBrowsers -->
        <test-method is-config="true" signature="open()[pri:0, instance:testscripts.LoginTestCase@26d9b808]" started-at="2024-09-13T12:28:53 IST" name="open" finished-at="2024-09-13T12:28:56 IST" duration-ms="2277" status="PASS">
          <reporter-output>
          </reporter-output>
        </test-method> <!-- open -->
        <test-method signature="loginTest(java.util.HashMap)[pri:2, instance:testscripts.LoginTestCase@26d9b808]" started-at="2024-09-13T12:28:56 IST" name="loginTest" data-provider="loginData" finished-at="2024-09-13T12:29:05 IST" duration-ms="9779" status="PASS">
          <params>
            <param index="0">
              <value>
                <![CDATA[{password=Al3xJ@rd@n2024, username=Alex Jordan}]]>
              </value>
            </param>
          </params>
          <reporter-output>
          </reporter-output>
        </test-method> <!-- loginTest -->
        <test-method is-config="true" signature="closeAllBrowsers()[pri:0, instance:testscripts.LoginTestCase@26d9b808]" started-at="2024-09-13T12:29:05 IST" name="closeAllBrowsers" finished-at="2024-09-13T12:29:07 IST" duration-ms="1364" status="PASS">
          <reporter-output>
          </reporter-output>
        </test-method> <!-- closeAllBrowsers -->
        <test-method is-config="true" signature="open()[pri:0, instance:testscripts.LoginTestCase@26d9b808]" started-at="2024-09-13T12:29:07 IST" name="open" finished-at="2024-09-13T12:29:10 IST" duration-ms="2882" status="PASS">
          <reporter-output>
          </reporter-output>
        </test-method> <!-- open -->
        <test-method signature="loginTest(java.util.HashMap)[pri:2, instance:testscripts.LoginTestCase@26d9b808]" started-at="2024-09-13T12:29:10 IST" name="loginTest" data-provider="loginData" finished-at="2024-09-13T12:29:19 IST" duration-ms="9379" status="PASS">
          <params>
            <param index="0">
              <value>
                <![CDATA[{password=Oliv1aM@rtin123, username=Olivia Martin}]]>
              </value>
            </param>
          </params>
          <reporter-output>
          </reporter-output>
        </test-method> <!-- loginTest -->
        <test-method is-config="true" signature="closeAllBrowsers()[pri:0, instance:testscripts.LoginTestCase@26d9b808]" started-at="2024-09-13T12:29:19 IST" name="closeAllBrowsers" finished-at="2024-09-13T12:29:20 IST" duration-ms="1299" status="PASS">
          <reporter-output>
          </reporter-output>
        </test-method> <!-- closeAllBrowsers -->
        <test-method is-config="true" signature="open()[pri:0, instance:testscripts.LoginTestCase@26d9b808]" started-at="2024-09-13T12:29:20 IST" name="open" finished-at="2024-09-13T12:29:22 IST" duration-ms="2197" status="PASS">
          <reporter-output>
          </reporter-output>
        </test-method> <!-- open -->
        <test-method signature="loginTest(java.util.HashMap)[pri:2, instance:testscripts.LoginTestCase@26d9b808]" started-at="2024-09-13T12:29:22 IST" name="loginTest" data-provider="loginData" finished-at="2024-09-13T12:29:31 IST" duration-ms="8841" status="PASS">
          <params>
            <param index="0">
              <value>
                <![CDATA[{password=J@m3sWils0n!, username=James Wilson}]]>
              </value>
            </param>
          </params>
          <reporter-output>
          </reporter-output>
        </test-method> <!-- loginTest -->
        <test-method is-config="true" signature="closeAllBrowsers()[pri:0, instance:testscripts.LoginTestCase@26d9b808]" started-at="2024-09-13T12:29:31 IST" name="closeAllBrowsers" finished-at="2024-09-13T12:29:33 IST" duration-ms="1299" status="PASS">
          <reporter-output>
          </reporter-output>
        </test-method> <!-- closeAllBrowsers -->
        <test-method is-config="true" signature="open()[pri:0, instance:testscripts.LoginTestCase@26d9b808]" started-at="2024-09-13T12:29:33 IST" name="open" finished-at="2024-09-13T12:29:35 IST" duration-ms="2509" status="PASS">
          <reporter-output>
          </reporter-output>
        </test-method> <!-- open -->
        <test-method signature="loginTest(java.util.HashMap)[pri:2, instance:testscripts.LoginTestCase@26d9b808]" started-at="2024-09-13T12:29:35 IST" name="loginTest" data-provider="loginData" finished-at="2024-09-13T12:29:44 IST" duration-ms="8660" status="PASS">
          <params>
            <param index="0">
              <value>
                <![CDATA[{password=Soph!aB@k3r2024, username=Sophia Baker}]]>
              </value>
            </param>
          </params>
          <reporter-output>
          </reporter-output>
        </test-method> <!-- loginTest -->
        <test-method is-config="true" signature="closeAllBrowsers()[pri:0, instance:testscripts.LoginTestCase@26d9b808]" started-at="2024-09-13T12:29:44 IST" name="closeAllBrowsers" finished-at="2024-09-13T12:29:45 IST" duration-ms="1347" status="PASS">
          <reporter-output>
          </reporter-output>
        </test-method> <!-- closeAllBrowsers -->
        <test-method is-config="true" signature="open()[pri:0, instance:testscripts.LoginTestCase@26d9b808]" started-at="2024-09-13T12:29:45 IST" name="open" finished-at="2024-09-13T12:29:47 IST" duration-ms="2230" status="PASS">
          <reporter-output>
          </reporter-output>
        </test-method> <!-- open -->
        <test-method signature="loginTest(java.util.HashMap)[pri:2, instance:testscripts.LoginTestCase@26d9b808]" started-at="2024-09-13T12:29:47 IST" name="loginTest" data-provider="loginData" finished-at="2024-09-13T12:29:56 IST" duration-ms="8585" status="PASS">
          <params>
            <param index="0">
              <value>
                <![CDATA[{password=B3nj@minScott!, username=Benjamin Scott}]]>
              </value>
            </param>
          </params>
          <reporter-output>
          </reporter-output>
        </test-method> <!-- loginTest -->
        <test-method is-config="true" signature="closeAllBrowsers()[pri:0, instance:testscripts.LoginTestCase@26d9b808]" started-at="2024-09-13T12:29:56 IST" name="closeAllBrowsers" finished-at="2024-09-13T12:29:57 IST" duration-ms="1311" status="PASS">
          <reporter-output>
          </reporter-output>
        </test-method> <!-- closeAllBrowsers -->
        <test-method is-config="true" signature="open()[pri:0, instance:testscripts.LoginTestCase@26d9b808]" started-at="2024-09-13T12:29:57 IST" name="open" finished-at="2024-09-13T12:30:00 IST" duration-ms="2779" status="PASS">
          <reporter-output>
          </reporter-output>
        </test-method> <!-- open -->
        <test-method signature="loginTest(java.util.HashMap)[pri:2, instance:testscripts.LoginTestCase@26d9b808]" started-at="2024-09-13T12:30:00 IST" name="loginTest" data-provider="loginData" finished-at="2024-09-13T12:30:09 IST" duration-ms="9325" status="PASS">
          <params>
            <param index="0">
              <value>
                <![CDATA[{password=I5ab3llaH!2024, username=Isabella Hughes}]]>
              </value>
            </param>
          </params>
          <reporter-output>
          </reporter-output>
        </test-method> <!-- loginTest -->
        <test-method is-config="true" signature="closeAllBrowsers()[pri:0, instance:testscripts.LoginTestCase@26d9b808]" started-at="2024-09-13T12:30:09 IST" name="closeAllBrowsers" finished-at="2024-09-13T12:30:11 IST" duration-ms="1306" status="PASS">
          <reporter-output>
          </reporter-output>
        </test-method> <!-- closeAllBrowsers -->
        <test-method is-config="true" signature="open()[pri:0, instance:testscripts.LoginTestCase@26d9b808]" started-at="2024-09-13T12:30:11 IST" name="open" finished-at="2024-09-13T12:30:13 IST" duration-ms="2274" status="PASS">
          <reporter-output>
          </reporter-output>
        </test-method> <!-- open -->
        <test-method signature="loginTest(java.util.HashMap)[pri:2, instance:testscripts.LoginTestCase@26d9b808]" started-at="2024-09-13T12:30:13 IST" name="loginTest" data-provider="loginData" finished-at="2024-09-13T12:30:23 IST" duration-ms="10229" status="PASS">
          <params>
            <param index="0">
              <value>
                <![CDATA[{password=D@ni3lM0rg@n!, username=Daniel Morgan}]]>
              </value>
            </param>
          </params>
          <reporter-output>
          </reporter-output>
        </test-method> <!-- loginTest -->
        <test-method is-config="true" signature="closeAllBrowsers()[pri:0, instance:testscripts.LoginTestCase@26d9b808]" started-at="2024-09-13T12:30:23 IST" name="closeAllBrowsers" finished-at="2024-09-13T12:30:24 IST" duration-ms="1305" status="PASS">
          <reporter-output>
          </reporter-output>
        </test-method> <!-- closeAllBrowsers -->
        <test-method is-config="true" signature="open()[pri:0, instance:testscripts.LoginTestCase@26d9b808]" started-at="2024-09-13T12:30:24 IST" name="open" finished-at="2024-09-13T12:30:27 IST" duration-ms="2587" status="PASS">
          <reporter-output>
          </reporter-output>
        </test-method> <!-- open -->
        <test-method signature="loginTest(java.util.HashMap)[pri:2, instance:testscripts.LoginTestCase@26d9b808]" started-at="2024-09-13T12:30:27 IST" name="loginTest" data-provider="loginData" finished-at="2024-09-13T12:30:35 IST" duration-ms="8164" status="PASS">
          <params>
            <param index="0">
              <value>
                <![CDATA[{password=H@rp3rC!ark2024, username=Harper Clark}]]>
              </value>
            </param>
          </params>
          <reporter-output>
          </reporter-output>
        </test-method> <!-- loginTest -->
        <test-method is-config="true" signature="closeAllBrowsers()[pri:0, instance:testscripts.LoginTestCase@26d9b808]" started-at="2024-09-13T12:30:35 IST" name="closeAllBrowsers" finished-at="2024-09-13T12:30:37 IST" duration-ms="1331" status="PASS">
          <reporter-output>
          </reporter-output>
        </test-method> <!-- closeAllBrowsers -->
      </class> <!-- testscripts.LoginTestCase -->
      <class name="testscripts.ContactTest">
        <test-method is-config="true" signature="open()[pri:0, instance:testscripts.ContactTest@46cdf8bd]" started-at="2024-09-13T12:24:17 IST" name="open" finished-at="2024-09-13T12:24:19 IST" duration-ms="2561" status="PASS">
          <reporter-output>
          </reporter-output>
        </test-method> <!-- open -->
        <test-method signature="cLinkCheck()[pri:1, instance:testscripts.ContactTest@46cdf8bd]" started-at="2024-09-13T12:24:19 IST" name="cLinkCheck" finished-at="2024-09-13T12:24:24 IST" duration-ms="4238" status="PASS">
          <reporter-output>
          </reporter-output>
        </test-method> <!-- cLinkCheck -->
        <test-method is-config="true" signature="closeAllBrowsers()[pri:0, instance:testscripts.ContactTest@46cdf8bd]" started-at="2024-09-13T12:24:24 IST" name="closeAllBrowsers" finished-at="2024-09-13T12:24:25 IST" duration-ms="1318" status="PASS">
          <reporter-output>
          </reporter-output>
        </test-method> <!-- closeAllBrowsers -->
        <test-method is-config="true" signature="open()[pri:0, instance:testscripts.ContactTest@46cdf8bd]" started-at="2024-09-13T12:24:26 IST" name="open" finished-at="2024-09-13T12:24:28 IST" duration-ms="2353" status="PASS">
          <reporter-output>
          </reporter-output>
        </test-method> <!-- open -->
        <test-method signature="contactTest(java.util.HashMap)[pri:2, instance:testscripts.ContactTest@46cdf8bd]" started-at="2024-09-13T12:24:28 IST" name="contactTest" data-provider="contactData" finished-at="2024-09-13T12:24:35 IST" duration-ms="6637" status="PASS">
          <params>
            <param index="0">
              <value>
                <![CDATA[{contactemail=alex.jordan@example.com, contactname=Alex Jordan, message=Wrong item received.}]]>
              </value>
            </param>
          </params>
          <reporter-output>
          </reporter-output>
        </test-method> <!-- contactTest -->
        <test-method is-config="true" signature="closeAllBrowsers()[pri:0, instance:testscripts.ContactTest@46cdf8bd]" started-at="2024-09-13T12:24:35 IST" name="closeAllBrowsers" finished-at="2024-09-13T12:24:36 IST" duration-ms="1320" status="PASS">
          <reporter-output>
          </reporter-output>
        </test-method> <!-- closeAllBrowsers -->
        <test-method is-config="true" signature="open()[pri:0, instance:testscripts.ContactTest@46cdf8bd]" started-at="2024-09-13T12:24:36 IST" name="open" finished-at="2024-09-13T12:24:40 IST" duration-ms="3747" status="PASS">
          <reporter-output>
          </reporter-output>
        </test-method> <!-- open -->
        <test-method signature="contactTest(java.util.HashMap)[pri:2, instance:testscripts.ContactTest@46cdf8bd]" started-at="2024-09-13T12:24:40 IST" name="contactTest" data-provider="contactData" finished-at="2024-09-13T12:24:47 IST" duration-ms="6788" status="PASS">
          <params>
            <param index="0">
              <value>
                <![CDATA[{contactemail=olivia.martin@example.com, contactname=Olivia Martin, message=Need assistance with order.}]]>
              </value>
            </param>
          </params>
          <reporter-output>
          </reporter-output>
        </test-method> <!-- contactTest -->
        <test-method is-config="true" signature="closeAllBrowsers()[pri:0, instance:testscripts.ContactTest@46cdf8bd]" started-at="2024-09-13T12:24:47 IST" name="closeAllBrowsers" finished-at="2024-09-13T12:24:48 IST" duration-ms="1304" status="PASS">
          <reporter-output>
          </reporter-output>
        </test-method> <!-- closeAllBrowsers -->
        <test-method is-config="true" signature="open()[pri:0, instance:testscripts.ContactTest@46cdf8bd]" started-at="2024-09-13T12:24:48 IST" name="open" finished-at="2024-09-13T12:24:51 IST" duration-ms="2825" status="PASS">
          <reporter-output>
          </reporter-output>
        </test-method> <!-- open -->
        <test-method signature="contactTest(java.util.HashMap)[pri:2, instance:testscripts.ContactTest@46cdf8bd]" started-at="2024-09-13T12:24:51 IST" name="contactTest" data-provider="contactData" finished-at="2024-09-13T12:24:57 IST" duration-ms="6684" status="PASS">
          <params>
            <param index="0">
              <value>
                <![CDATA[{contactemail=james.wilson@example.com, contactname=James Wilson, message=Request for product info.}]]>
              </value>
            </param>
          </params>
          <reporter-output>
          </reporter-output>
        </test-method> <!-- contactTest -->
        <test-method is-config="true" signature="closeAllBrowsers()[pri:0, instance:testscripts.ContactTest@46cdf8bd]" started-at="2024-09-13T12:24:57 IST" name="closeAllBrowsers" finished-at="2024-09-13T12:24:59 IST" duration-ms="1331" status="PASS">
          <reporter-output>
          </reporter-output>
        </test-method> <!-- closeAllBrowsers -->
        <test-method is-config="true" signature="open()[pri:0, instance:testscripts.ContactTest@46cdf8bd]" started-at="2024-09-13T12:24:59 IST" name="open" finished-at="2024-09-13T12:25:03 IST" duration-ms="3805" status="PASS">
          <reporter-output>
          </reporter-output>
        </test-method> <!-- open -->
        <test-method signature="contactTest(java.util.HashMap)[pri:2, instance:testscripts.ContactTest@46cdf8bd]" started-at="2024-09-13T12:25:03 IST" name="contactTest" data-provider="contactData" finished-at="2024-09-13T12:25:09 IST" duration-ms="6766" status="PASS">
          <params>
            <param index="0">
              <value>
                <![CDATA[{contactemail=sophia.baker@example.com, contactname=Sophia Baker, message=Problem with payment.}]]>
              </value>
            </param>
          </params>
          <reporter-output>
          </reporter-output>
        </test-method> <!-- contactTest -->
        <test-method is-config="true" signature="closeAllBrowsers()[pri:0, instance:testscripts.ContactTest@46cdf8bd]" started-at="2024-09-13T12:25:09 IST" name="closeAllBrowsers" finished-at="2024-09-13T12:25:11 IST" duration-ms="1343" status="PASS">
          <reporter-output>
          </reporter-output>
        </test-method> <!-- closeAllBrowsers -->
        <test-method is-config="true" signature="open()[pri:0, instance:testscripts.ContactTest@46cdf8bd]" started-at="2024-09-13T12:25:11 IST" name="open" finished-at="2024-09-13T12:25:13 IST" duration-ms="2319" status="PASS">
          <reporter-output>
          </reporter-output>
        </test-method> <!-- open -->
        <test-method signature="contactTest(java.util.HashMap)[pri:2, instance:testscripts.ContactTest@46cdf8bd]" started-at="2024-09-13T12:25:13 IST" name="contactTest" data-provider="contactData" finished-at="2024-09-13T12:25:20 IST" duration-ms="6834" status="PASS">
          <params>
            <param index="0">
              <value>
                <![CDATA[{contactemail=benjamin.scott@example.com, contactname=Benjamin Scott, message=How to track my shipment?}]]>
              </value>
            </param>
          </params>
          <reporter-output>
          </reporter-output>
        </test-method> <!-- contactTest -->
        <test-method is-config="true" signature="closeAllBrowsers()[pri:0, instance:testscripts.ContactTest@46cdf8bd]" started-at="2024-09-13T12:25:20 IST" name="closeAllBrowsers" finished-at="2024-09-13T12:25:21 IST" duration-ms="1310" status="PASS">
          <reporter-output>
          </reporter-output>
        </test-method> <!-- closeAllBrowsers -->
        <test-method is-config="true" signature="open()[pri:0, instance:testscripts.ContactTest@46cdf8bd]" started-at="2024-09-13T12:25:21 IST" name="open" finished-at="2024-09-13T12:25:24 IST" duration-ms="2422" status="PASS">
          <reporter-output>
          </reporter-output>
        </test-method> <!-- open -->
        <test-method signature="contactTest(java.util.HashMap)[pri:2, instance:testscripts.ContactTest@46cdf8bd]" started-at="2024-09-13T12:25:24 IST" name="contactTest" data-provider="contactData" finished-at="2024-09-13T12:25:30 IST" duration-ms="6591" status="PASS">
          <params>
            <param index="0">
              <value>
                <![CDATA[{contactemail=isabella.hughes@example.com, contactname=Isabella Hughes, message=Can't access my account.}]]>
              </value>
            </param>
          </params>
          <reporter-output>
          </reporter-output>
        </test-method> <!-- contactTest -->
        <test-method is-config="true" signature="closeAllBrowsers()[pri:0, instance:testscripts.ContactTest@46cdf8bd]" started-at="2024-09-13T12:25:30 IST" name="closeAllBrowsers" finished-at="2024-09-13T12:25:32 IST" duration-ms="1324" status="PASS">
          <reporter-output>
          </reporter-output>
        </test-method> <!-- closeAllBrowsers -->
        <test-method is-config="true" signature="open()[pri:0, instance:testscripts.ContactTest@46cdf8bd]" started-at="2024-09-13T12:25:32 IST" name="open" finished-at="2024-09-13T12:25:34 IST" duration-ms="2518" status="PASS">
          <reporter-output>
          </reporter-output>
        </test-method> <!-- open -->
        <test-method signature="contactTest(java.util.HashMap)[pri:2, instance:testscripts.ContactTest@46cdf8bd]" started-at="2024-09-13T12:25:34 IST" name="contactTest" data-provider="contactData" finished-at="2024-09-13T12:25:41 IST" duration-ms="6687" status="PASS">
          <params>
            <param index="0">
              <value>
                <![CDATA[{contactemail=daniel.morgan@example.com, contactname=Daniel Morgan, message=Order delay complaint.}]]>
              </value>
            </param>
          </params>
          <reporter-output>
          </reporter-output>
        </test-method> <!-- contactTest -->
        <test-method is-config="true" signature="closeAllBrowsers()[pri:0, instance:testscripts.ContactTest@46cdf8bd]" started-at="2024-09-13T12:25:41 IST" name="closeAllBrowsers" finished-at="2024-09-13T12:25:42 IST" duration-ms="1328" status="PASS">
          <reporter-output>
          </reporter-output>
        </test-method> <!-- closeAllBrowsers -->
        <test-method is-config="true" signature="open()[pri:0, instance:testscripts.ContactTest@46cdf8bd]" started-at="2024-09-13T12:25:42 IST" name="open" finished-at="2024-09-13T12:25:44 IST" duration-ms="2255" status="PASS">
          <reporter-output>
          </reporter-output>
        </test-method> <!-- open -->
        <test-method signature="contactTest(java.util.HashMap)[pri:2, instance:testscripts.ContactTest@46cdf8bd]" started-at="2024-09-13T12:25:44 IST" name="contactTest" data-provider="contactData" finished-at="2024-09-13T12:25:51 IST" duration-ms="6685" status="PASS">
          <params>
            <param index="0">
              <value>
                <![CDATA[{contactemail=harper.clark@example.com, contactname=Harper Clark, message=Missing product inquiry.}]]>
              </value>
            </param>
          </params>
          <reporter-output>
          </reporter-output>
        </test-method> <!-- contactTest -->
        <test-method is-config="true" signature="closeAllBrowsers()[pri:0, instance:testscripts.ContactTest@46cdf8bd]" started-at="2024-09-13T12:25:51 IST" name="closeAllBrowsers" finished-at="2024-09-13T12:25:52 IST" duration-ms="1336" status="PASS">
          <reporter-output>
          </reporter-output>
        </test-method> <!-- closeAllBrowsers -->
        <test-method is-config="true" signature="open()[pri:0, instance:testscripts.ContactTest@46cdf8bd]" started-at="2024-09-13T12:25:52 IST" name="open" finished-at="2024-09-13T12:25:55 IST" duration-ms="2684" status="PASS">
          <reporter-output>
          </reporter-output>
        </test-method> <!-- open -->
        <test-method signature="terminateCheck()[pri:3, instance:testscripts.ContactTest@46cdf8bd]" started-at="2024-09-13T12:25:55 IST" name="terminateCheck" finished-at="2024-09-13T12:25:56 IST" duration-ms="754" status="PASS">
          <reporter-output>
          </reporter-output>
        </test-method> <!-- terminateCheck -->
        <test-method is-config="true" signature="closeAllBrowsers()[pri:0, instance:testscripts.ContactTest@46cdf8bd]" started-at="2024-09-13T12:25:56 IST" name="closeAllBrowsers" finished-at="2024-09-13T12:25:57 IST" duration-ms="1265" status="PASS">
          <reporter-output>
          </reporter-output>
        </test-method> <!-- closeAllBrowsers -->
      </class> <!-- testscripts.ContactTest -->
      <class name="testscripts.HomeTest">
        <test-method is-config="true" signature="open()[pri:0, instance:testscripts.HomeTest@771a660]" started-at="2024-09-13T12:21:55 IST" name="open" finished-at="2024-09-13T12:22:00 IST" duration-ms="5497" status="PASS">
          <reporter-output>
          </reporter-output>
        </test-method> <!-- open -->
        <test-method signature="dispCheck()[pri:1, instance:testscripts.HomeTest@771a660]" started-at="2024-09-13T12:22:00 IST" name="dispCheck" finished-at="2024-09-13T12:22:01 IST" duration-ms="566" status="PASS">
          <reporter-output>
          </reporter-output>
        </test-method> <!-- dispCheck -->
        <test-method is-config="true" signature="closeAllBrowsers()[pri:0, instance:testscripts.HomeTest@771a660]" started-at="2024-09-13T12:22:01 IST" name="closeAllBrowsers" finished-at="2024-09-13T12:22:02 IST" duration-ms="1288" status="PASS">
          <reporter-output>
          </reporter-output>
        </test-method> <!-- closeAllBrowsers -->
        <test-method is-config="true" signature="open()[pri:0, instance:testscripts.HomeTest@771a660]" started-at="2024-09-13T12:22:02 IST" name="open" finished-at="2024-09-13T12:22:05 IST" duration-ms="3063" status="PASS">
          <reporter-output>
          </reporter-output>
        </test-method> <!-- open -->
        <test-method signature="HyperLinksCheck()[pri:2, instance:testscripts.HomeTest@771a660]" started-at="2024-09-13T12:22:05 IST" name="HyperLinksCheck" finished-at="2024-09-13T12:22:06 IST" duration-ms="396" status="PASS">
          <reporter-output>
          </reporter-output>
        </test-method> <!-- HyperLinksCheck -->
        <test-method is-config="true" signature="closeAllBrowsers()[pri:0, instance:testscripts.HomeTest@771a660]" started-at="2024-09-13T12:22:06 IST" name="closeAllBrowsers" finished-at="2024-09-13T12:22:07 IST" duration-ms="1248" status="PASS">
          <reporter-output>
          </reporter-output>
        </test-method> <!-- closeAllBrowsers -->
        <test-method is-config="true" signature="open()[pri:0, instance:testscripts.HomeTest@771a660]" started-at="2024-09-13T12:22:07 IST" name="open" finished-at="2024-09-13T12:22:09 IST" duration-ms="2228" status="PASS">
          <reporter-output>
          </reporter-output>
        </test-method> <!-- open -->
        <test-method signature="slideShowCheck()[pri:3, instance:testscripts.HomeTest@771a660]" started-at="2024-09-13T12:22:09 IST" name="slideShowCheck" finished-at="2024-09-13T12:22:10 IST" duration-ms="657" status="PASS">
          <reporter-output>
          </reporter-output>
        </test-method> <!-- slideShowCheck -->
        <test-method is-config="true" signature="closeAllBrowsers()[pri:0, instance:testscripts.HomeTest@771a660]" started-at="2024-09-13T12:22:10 IST" name="closeAllBrowsers" finished-at="2024-09-13T12:22:11 IST" duration-ms="1285" status="PASS">
          <reporter-output>
          </reporter-output>
        </test-method> <!-- closeAllBrowsers -->
        <test-method is-config="true" signature="open()[pri:0, instance:testscripts.HomeTest@771a660]" started-at="2024-09-13T12:22:11 IST" name="open" finished-at="2024-09-13T12:22:14 IST" duration-ms="2658" status="PASS">
          <reporter-output>
          </reporter-output>
        </test-method> <!-- open -->
        <test-method signature="imageCheck()[pri:4, instance:testscripts.HomeTest@771a660]" started-at="2024-09-13T12:22:14 IST" name="imageCheck" finished-at="2024-09-13T12:22:17 IST" duration-ms="3320" status="PASS">
          <reporter-output>
          </reporter-output>
        </test-method> <!-- imageCheck -->
        <test-method is-config="true" signature="closeAllBrowsers()[pri:0, instance:testscripts.HomeTest@771a660]" started-at="2024-09-13T12:22:17 IST" name="closeAllBrowsers" finished-at="2024-09-13T12:22:18 IST" duration-ms="1332" status="PASS">
          <reporter-output>
          </reporter-output>
        </test-method> <!-- closeAllBrowsers -->
        <test-method is-config="true" signature="open()[pri:0, instance:testscripts.HomeTest@771a660]" started-at="2024-09-13T12:22:18 IST" name="open" finished-at="2024-09-13T12:22:23 IST" duration-ms="4216" status="PASS">
          <reporter-output>
          </reporter-output>
        </test-method> <!-- open -->
        <test-method signature="sideNavBarCheck()[pri:5, instance:testscripts.HomeTest@771a660]" started-at="2024-09-13T12:22:23 IST" name="sideNavBarCheck" finished-at="2024-09-13T12:22:24 IST" duration-ms="1559" status="PASS">
          <reporter-output>
          </reporter-output>
        </test-method> <!-- sideNavBarCheck -->
        <test-method is-config="true" signature="closeAllBrowsers()[pri:0, instance:testscripts.HomeTest@771a660]" started-at="2024-09-13T12:22:24 IST" name="closeAllBrowsers" finished-at="2024-09-13T12:22:25 IST" duration-ms="1302" status="PASS">
          <reporter-output>
          </reporter-output>
        </test-method> <!-- closeAllBrowsers -->
        <test-method is-config="true" signature="open()[pri:0, instance:testscripts.HomeTest@771a660]" started-at="2024-09-13T12:22:25 IST" name="open" finished-at="2024-09-13T12:22:28 IST" duration-ms="2142" status="PASS">
          <reporter-output>
          </reporter-output>
        </test-method> <!-- open -->
        <test-method signature="productLinksCheck()[pri:6, instance:testscripts.HomeTest@771a660]" started-at="2024-09-13T12:22:28 IST" name="productLinksCheck" finished-at="2024-09-13T12:24:03 IST" duration-ms="95394" status="PASS">
          <reporter-output>
          </reporter-output>
        </test-method> <!-- productLinksCheck -->
        <test-method is-config="true" signature="closeAllBrowsers()[pri:0, instance:testscripts.HomeTest@771a660]" started-at="2024-09-13T12:24:03 IST" name="closeAllBrowsers" finished-at="2024-09-13T12:24:04 IST" duration-ms="1359" status="PASS">
          <reporter-output>
          </reporter-output>
        </test-method> <!-- closeAllBrowsers -->
        <test-method is-config="true" signature="open()[pri:0, instance:testscripts.HomeTest@771a660]" started-at="2024-09-13T12:24:04 IST" name="open" finished-at="2024-09-13T12:24:07 IST" duration-ms="2544" status="PASS">
          <reporter-output>
          </reporter-output>
        </test-method> <!-- open -->
        <test-method signature="btnCheck()[pri:7, instance:testscripts.HomeTest@771a660]" started-at="2024-09-13T12:24:07 IST" name="btnCheck" finished-at="2024-09-13T12:24:07 IST" duration-ms="169" status="PASS">
          <reporter-output>
          </reporter-output>
        </test-method> <!-- btnCheck -->
        <test-method is-config="true" signature="closeAllBrowsers()[pri:0, instance:testscripts.HomeTest@771a660]" started-at="2024-09-13T12:24:07 IST" name="closeAllBrowsers" finished-at="2024-09-13T12:24:08 IST" duration-ms="1253" status="PASS">
          <reporter-output>
          </reporter-output>
        </test-method> <!-- closeAllBrowsers -->
        <test-method is-config="true" signature="open()[pri:0, instance:testscripts.HomeTest@771a660]" started-at="2024-09-13T12:24:08 IST" name="open" finished-at="2024-09-13T12:24:11 IST" duration-ms="2705" status="PASS">
          <reporter-output>
          </reporter-output>
        </test-method> <!-- open -->
        <test-method signature="footer()[pri:8, instance:testscripts.HomeTest@771a660]" started-at="2024-09-13T12:24:11 IST" name="footer" finished-at="2024-09-13T12:24:11 IST" duration-ms="292" status="PASS">
          <reporter-output>
          </reporter-output>
        </test-method> <!-- footer -->
        <test-method is-config="true" signature="closeAllBrowsers()[pri:0, instance:testscripts.HomeTest@771a660]" started-at="2024-09-13T12:24:11 IST" name="closeAllBrowsers" finished-at="2024-09-13T12:24:13 IST" duration-ms="1269" status="PASS">
          <reporter-output>
          </reporter-output>
        </test-method> <!-- closeAllBrowsers -->
        <test-method is-config="true" signature="open()[pri:0, instance:testscripts.HomeTest@771a660]" started-at="2024-09-13T12:24:13 IST" name="open" finished-at="2024-09-13T12:24:16 IST" duration-ms="3534" status="PASS">
          <reporter-output>
          </reporter-output>
        </test-method> <!-- open -->
        <test-method signature="copyRight()[pri:9, instance:testscripts.HomeTest@771a660]" started-at="2024-09-13T12:24:16 IST" name="copyRight" finished-at="2024-09-13T12:24:16 IST" duration-ms="48" status="PASS">
          <reporter-output>
          </reporter-output>
        </test-method> <!-- copyRight -->
        <test-method is-config="true" signature="closeAllBrowsers()[pri:0, instance:testscripts.HomeTest@771a660]" started-at="2024-09-13T12:24:16 IST" name="closeAllBrowsers" finished-at="2024-09-13T12:24:17 IST" duration-ms="697" status="PASS">
          <reporter-output>
          </reporter-output>
        </test-method> <!-- closeAllBrowsers -->
      </class> <!-- testscripts.HomeTest -->
      <class name="testscripts.CartTestCase">
        <test-method is-config="true" signature="open()[pri:0, instance:testscripts.CartTestCase@740cae06]" started-at="2024-09-13T12:26:12 IST" name="open" finished-at="2024-09-13T12:26:14 IST" duration-ms="2406" status="PASS">
          <reporter-output>
          </reporter-output>
        </test-method> <!-- open -->
        <test-method signature="CartTest(java.util.HashMap)[pri:0, instance:testscripts.CartTestCase@740cae06]" started-at="2024-09-13T12:26:14 IST" name="CartTest" data-provider="cartData" finished-at="2024-09-13T12:26:59 IST" duration-ms="45367" status="PASS">
          <params>
            <param index="0">
              <value>
                <![CDATA[{Credit Card Number=4532 7812 3456 7890, Month=9, Country=USA, City=New York, Year=2020, Name=Alex Jordan}]]>
              </value>
            </param>
          </params>
          <reporter-output>
          </reporter-output>
        </test-method> <!-- CartTest -->
        <test-method is-config="true" signature="closeAllBrowsers()[pri:0, instance:testscripts.CartTestCase@740cae06]" started-at="2024-09-13T12:26:59 IST" name="closeAllBrowsers" finished-at="2024-09-13T12:27:01 IST" duration-ms="1305" status="PASS">
          <reporter-output>
          </reporter-output>
        </test-method> <!-- closeAllBrowsers -->
        <test-method is-config="true" signature="open()[pri:0, instance:testscripts.CartTestCase@740cae06]" started-at="2024-09-13T12:27:01 IST" name="open" finished-at="2024-09-13T12:27:04 IST" duration-ms="3065" status="PASS">
          <reporter-output>
          </reporter-output>
        </test-method> <!-- open -->
        <test-method signature="CartTest(java.util.HashMap)[pri:0, instance:testscripts.CartTestCase@740cae06]" started-at="2024-09-13T12:27:04 IST" name="CartTest" data-provider="cartData" finished-at="2024-09-13T12:27:47 IST" duration-ms="43562" status="PASS">
          <params>
            <param index="0">
              <value>
                <![CDATA[{Credit Card Number=5256 7391 2345 6781, Month=11, Country=UK, City=London, Year=2024, Name=Olivia Martin}]]>
              </value>
            </param>
          </params>
          <reporter-output>
          </reporter-output>
        </test-method> <!-- CartTest -->
        <test-method is-config="true" signature="closeAllBrowsers()[pri:0, instance:testscripts.CartTestCase@740cae06]" started-at="2024-09-13T12:27:47 IST" name="closeAllBrowsers" finished-at="2024-09-13T12:27:49 IST" duration-ms="1293" status="PASS">
          <reporter-output>
          </reporter-output>
        </test-method> <!-- closeAllBrowsers -->
        <test-method is-config="true" signature="open()[pri:0, instance:testscripts.CartTestCase@740cae06]" started-at="2024-09-13T12:27:49 IST" name="open" finished-at="2024-09-13T12:27:51 IST" duration-ms="2354" status="PASS">
          <reporter-output>
          </reporter-output>
        </test-method> <!-- open -->
        <test-method signature="CartTest(java.util.HashMap)[pri:0, instance:testscripts.CartTestCase@740cae06]" started-at="2024-09-13T12:27:51 IST" name="CartTest" data-provider="cartData" finished-at="2024-09-13T12:28:35 IST" duration-ms="44423" status="PASS">
          <params>
            <param index="0">
              <value>
                <![CDATA[{Credit Card Number=3714 4967 4321 8902, Month=7, Country=Canada, City=Toronto, Year=2021, Name=James Wilson}]]>
              </value>
            </param>
          </params>
          <reporter-output>
          </reporter-output>
        </test-method> <!-- CartTest -->
        <test-method is-config="true" signature="closeAllBrowsers()[pri:0, instance:testscripts.CartTestCase@740cae06]" started-at="2024-09-13T12:28:35 IST" name="closeAllBrowsers" finished-at="2024-09-13T12:28:37 IST" duration-ms="1300" status="PASS">
          <reporter-output>
          </reporter-output>
        </test-method> <!-- closeAllBrowsers -->
      </class> <!-- testscripts.CartTestCase -->
      <class name="testscripts.AboutUsTest">
        <test-method is-config="true" signature="open()[pri:0, instance:testscripts.AboutUsTest@f0c8a99]" started-at="2024-09-13T12:25:57 IST" name="open" finished-at="2024-09-13T12:25:59 IST" duration-ms="2065" status="PASS">
          <reporter-output>
          </reporter-output>
        </test-method> <!-- open -->
        <test-method signature="aboutUsCheck()[pri:1, instance:testscripts.AboutUsTest@f0c8a99]" started-at="2024-09-13T12:25:59 IST" name="aboutUsCheck" finished-at="2024-09-13T12:26:10 IST" duration-ms="10995" status="PASS">
          <reporter-output>
          </reporter-output>
        </test-method> <!-- aboutUsCheck -->
        <test-method is-config="true" signature="closeAllBrowsers()[pri:0, instance:testscripts.AboutUsTest@f0c8a99]" started-at="2024-09-13T12:26:10 IST" name="closeAllBrowsers" finished-at="2024-09-13T12:26:11 IST" duration-ms="1357" status="PASS">
          <reporter-output>
          </reporter-output>
        </test-method> <!-- closeAllBrowsers -->
      </class> <!-- testscripts.AboutUsTest -->
    </test> <!-- Test -->
  </suite> <!-- Suite -->
</testng-results>
